==12890== Memcheck, a memory error detector
==12890== Copyright (C) 2002-2022, and GNU GPL'd, by Julian Seward et al.
==12890== Using Valgrind-3.22.0 and LibVEX; rerun with -h for copyright info
==12890== Command: ./lunasea
==12890== Parent PID: 12889
==12890== 
==12890== 
==12890== HEAP SUMMARY:
==12890==     in use at exit: 242,211 bytes in 3,291 blocks
==12890==   total heap usage: 273,011 allocs, 269,720 frees, 42,149,047 bytes allocated
==12890== 
==12890== LEAK SUMMARY:
==12890==    definitely lost: 0 bytes in 0 blocks
==12890==    indirectly lost: 0 bytes in 0 blocks
==12890==      possibly lost: 0 bytes in 0 blocks
==12890==    still reachable: 242,211 bytes in 3,291 blocks
==12890==         suppressed: 0 bytes in 0 blocks
==12890== Reachable blocks (those to which a pointer was found) are not shown.
==12890== To see them, rerun with: --leak-check=full --show-leak-kinds=all
==12890== 
==12890== ERROR SUMMARY: 0 errors from 0 contexts (suppressed: 0 from 0)
